<?xml version="1.0" encoding="UTF-8"?>
<!-- Generated by org.testng.reporters.JUnitReportReporter -->
<testsuite hostname="EPINPUNW04EC" failures="0" tests="1" name="InitialFramework.StandAloneTestOptimized" time="10.339" errors="0" timestamp="2022-10-10T18:05:28 IST" skipped="0">
  <testcase classname="InitialFramework.StandAloneTestOptimized" name="CompleteFlowtoAddItemsAndValidation" time="10.339"/>
  <system-out/>
</testsuite> <!-- InitialFramework.StandAloneTestOptimized -->
